com.Model1/build/intermediates/proguard-rules/release/aapt_rules.txt
# view AndroidManifest.xml #generated:19
-keep class com.Cutebabies.model1.UnityPlayerActivity { <init>(...); }