com.Model1/build/outputs/mapping/release/mapping.txt
com.Cutebabies.model1.R -> com.Cutebabies.model1.R:
    void <init>() -> <init>
com.Cutebabies.model1.R$attr -> com.Cutebabies.model1.R$attr:
    void <init>() -> <init>
com.Cutebabies.model1.R$drawable -> com.Cutebabies.model1.R$drawable:
    int app_banner -> app_banner
    int app_icon -> app_icon
    void <init>() -> <init>
    void <clinit>() -> <clinit>
com.Cutebabies.model1.R$string -> com.Cutebabies.model1.R$string:
    int app_name -> app_name
    void <init>() -> <init>
    void <clinit>() -> <clinit>
com.Cutebabies.model1.R$style -> com.Cutebabies.model1.R$style:
    int UnityThemeSelector -> UnityThemeSelector
    void <init>() -> <init>
    void <clinit>() -> <clinit>
com.Cutebabies.model1.UnityPlayerActivity -> com.Cutebabies.model1.UnityPlayerActivity:
    com.unity3d.player.UnityPlayer mUnityPlayer -> a
    void <init>() -> <init>
    void onCreate(android.os.Bundle) -> onCreate
    void onNewIntent(android.content.Intent) -> onNewIntent
    void onDestroy() -> onDestroy
    void onPause() -> onPause
    void onResume() -> onResume
    void onLowMemory() -> onLowMemory
    void onTrimMemory(int) -> onTrimMemory
    void onConfigurationChanged(android.content.res.Configuration) -> onConfigurationChanged
    void onWindowFocusChanged(boolean) -> onWindowFocusChanged
    boolean dispatchKeyEvent(android.view.KeyEvent) -> dispatchKeyEvent
    boolean onKeyUp(int,android.view.KeyEvent) -> onKeyUp
    boolean onKeyDown(int,android.view.KeyEvent) -> onKeyDown
    boolean onTouchEvent(android.view.MotionEvent) -> onTouchEvent
    boolean onGenericMotionEvent(android.view.MotionEvent) -> onGenericMotionEvent
...
com.unity3d.player.UnityPlayer$16 -> com.unity3d.player.UnityPlayer$16:
    com.unity3d.player.UnityPlayer a -> a
    void <init>(com.unity3d.player.UnityPlayer) -> <init>
    void run() -> run
com.unity3d.player.UnityPlayer$17 -> com.unity3d.player.UnityPlayer$17:
    com.unity3d.player.UnityPlayer a -> a
    void <init>(com.unity3d.player.UnityPlayer) -> <init>
    void surfaceCreated(android.view.SurfaceHolder) -> surfaceCreated
    void surfaceChanged(android.view.SurfaceHolder,int,int,int) -> surfaceChanged
    void surfaceDestroyed(android.view.SurfaceHolder) -> surfaceDestroyed
com.unity3d.player.UnityPlayer$18 -> com.unity3d.player.UnityPlayer$18:
    com.unity3d.player.UnityPlayer a -> a
    void <init>(com.unity3d.player.UnityPlayer) -> <init>
    void run() -> run
com.unity3d.player.UnityPlayer$19 -> com.unity3d.player.UnityPlayer$19:
    java.util.concurrent.Semaphore a -> a
    com.unity3d.player.UnityPlayer b -> b
    void <init>(com.unity3d.player.UnityPlayer,java.util.concurrent.Semaphore) -> <init>
    void run() -> run
com.unity3d.player.UnityPlayer$2 -> com.unity3d.player.UnityPlayer$2:
    com.unity3d.player.UnityPlayer a -> a
    void <init>(com.unity3d.player.UnityPlayer) -> <init>
    void run() -> run
com.unity3d.player.UnityPlayer$20 -> com.unity3d.player.UnityPlayer$20:
    java.util.concurrent.Semaphore a -> a
    com.unity3d.player.UnityPlayer b -> b
    void <init>(com.unity3d.player.UnityPlayer,java.util.concurrent.Semaphore) -> <init>
    void run() -> run
com.unity3d.player.UnityPlayer$21 -> com.unity3d.player.UnityPlayer$21:
    com.unity3d.player.UnityPlayer a -> a
    void <init>(com.unity3d.player.UnityPlayer) -> <init>
    void run() -> run
com.unity3d.player.UnityPlayer$3 -> com.unity3d.player.UnityPlayer$3:
    com.unity3d.player.UnityPlayer a -> a
    void onReceive(android.content.Context,android.content.Intent) -> onReceive
com.unity3d.player.UnityPlayer$4 -> com.unity3d.player.UnityPlayer$4:
    boolean a -> a
    com.unity3d.player.UnityPlayer b -> b
    void <init>(com.unity3d.player.UnityPlayer,boolean) -> <init>
    void run() -> run
com.unity3d.player.UnityPlayer$5 -> com.unity3d.player.UnityPlayer$5:
    com.unity3d.player.UnityPlayer a -> a
    java.lang.String b -> b
    int c -> c
    boolean d -> d
    boolean e -> e
    boolean f -> f
    boolean g -> g
    java.lang.String h -> h
    com.unity3d.player.UnityPlayer i -> i
    void <init>(com.unity3d.player.UnityPlayer,com.unity3d.player.UnityPlayer,java.lang.String,int,boolean,boolean,boolean,boolean,java.lang.String) -> <init>
    void run() -> run
com.unity3d.player.UnityPlayer$6 -> com.unity3d.player.UnityPlayer$6:
    com.unity3d.player.UnityPlayer a -> a
    void <init>(com.unity3d.player.UnityPlayer) -> <init>
    void run() -> run
com.unity3d.player.UnityPlayer$7 -> com.unity3d.player.UnityPlayer$7:
    java.lang.Runnable a -> a
    com.unity3d.player.UnityPlayer b -> b
    void <init>(com.unity3d.player.UnityPlayer,java.lang.Runnable) -> <init>
    void a() -> a
com.unity3d.player.UnityPlayer$8 -> com.unity3d.player.UnityPlayer$8:
    java.lang.String a -> a
    com.unity3d.player.UnityPlayer b -> b
    void <init>(com.unity3d.player.UnityPlayer,java.lang.String) -> <init>
    void run() -> run
com.unity3d.player.UnityPlayer$9 -> com.unity3d.player.UnityPlayer$9:
    boolean a -> a
    java.lang.String b -> b
    int c -> c
    com.unity3d.player.UnityPlayer d -> d
    void <init>(com.unity3d.player.UnityPlayer,boolean,java.lang.String,int) -> <init>
    void a() -> a
com.unity3d.player.UnityPlayer$a -> com.unity3d.player.UnityPlayer$a:
    com.unity3d.player.UnityPlayer a -> a
    void <init>(com.unity3d.player.UnityPlayer) -> <init>
    void onCallStateChanged(int,java.lang.String) -> onCallStateChanged
    void <init>(com.unity3d.player.UnityPlayer,byte) -> <init>