com.Model1/build/outputs/mapping/release/usage.txt
com.Cutebabies.model1.BuildConfig
com.Cutebabies.model1.UnityPlayerNativeActivity
com.Cutebabies.model1.UnityPlayerProxyActivity